<?xml version="1.0" encoding="UTF-8" ?>
<testsuite errors="0" failures="0" hostname="MacBookPro-SLott-9.local" name="org.hrva.capture.CaptureTest" tests="2" time="8.993" timestamp="2012-03-08T18:39:17">
  <properties>
[...]
</properties>
  <testcase classname="org.hrva.capture.CaptureTest" name="testRun_main" time="3.362" />
  <testcase classname="org.hrva.capture.CaptureTest" name="testCapture" time="5.541" />
  <system-out><![CDATA[run_main
capture
]]></system-out>
  <system-err><![CDATA[Mar 8, 2012 1:39:20 PM org.hrva.capture.LogTail tail
INFO: Tailing test/sample.log to test/capture.txt
Mar 8, 2012 1:39:20 PM org.hrva.capture.LogTail tail
INFO: Count 0, Bytes 0
Mar 8, 2012 1:39:20 PM org.hrva.capture.LogTail tail
INFO: Count 1, Bytes 327
Mar 8, 2012 1:39:20 PM org.hrva.capture.Capture$Tail_Format_Push run
INFO: Reformatting test/capture.txt to test/capture.csv
Mar 8, 2012 1:39:21 PM org.hrva.capture.Capture$Tail_Format_Push run
SEVERE: Worker Failed
java.io.FileNotFoundException: test/capture.csv (No such file or directory)
	at java.io.FileInputStream.open(Native Method)
	at java.io.FileInputStream.<init>(FileInputStream.java:120)
	at java.io.FileReader.<init>(FileReader.java:55)
	at org.hrva.capture.CouchPush.push_feed(CouchPush.java:273)
	at org.hrva.capture.Capture$Tail_Format_Push.run(Capture.java:250)
	at java.util.TimerThread.mainLoop(Timer.java:512)
	at java.util.TimerThread.run(Timer.java:462)
Exception in thread "Timer-0" java.lang.Error: java.io.FileNotFoundException: test/capture.csv (No such file or directory)
	at org.hrva.capture.Capture$Tail_Format_Push.run(Capture.java:258)
	at java.util.TimerThread.mainLoop(Timer.java:512)
	at java.util.TimerThread.run(Timer.java:462)
Caused by: java.io.FileNotFoundException: test/capture.csv (No such file or directory)
	at java.io.FileInputStream.open(Native Method)
	at java.io.FileInputStream.<init>(FileInputStream.java:120)
	at java.io.FileReader.<init>(FileReader.java:55)
	at org.hrva.capture.CouchPush.push_feed(CouchPush.java:273)
	at org.hrva.capture.Capture$Tail_Format_Push.run(Capture.java:250)
	... 2 more
Mar 8, 2012 1:39:23 PM org.hrva.capture.LogTail tail
INFO: Tailing test/sample.log to test/capture.txt
Mar 8, 2012 1:39:23 PM org.hrva.capture.LogTail tail
INFO: Count 0, Bytes 0
Mar 8, 2012 1:39:23 PM org.hrva.capture.LogTail tail
INFO: Count 1, Bytes 327
Mar 8, 2012 1:39:23 PM org.hrva.capture.Capture$Tail_Format_Push run
INFO: Reformatting test/capture.txt to test/capture.csv
Mar 8, 2012 1:39:26 PM org.hrva.capture.LogTail tail
INFO: Tailing test/sample.log to test/capture.txt
Mar 8, 2012 1:39:26 PM org.hrva.capture.LogTail tail
INFO: Count 1, Bytes 327
Mar 8, 2012 1:39:26 PM org.hrva.capture.LogTail tail
INFO: Count 2, Bytes 327
]]></system-err>
</testsuite>
